
*** Running vivado
    with args -log mylsfr.vds -m64 -product Vivado -mode batch -messageDb vivado.pb -notrace -source mylsfr.tcl


****** Vivado v2022.2 (64-bit)
  **** SW Build 3671981 on Fri Oct 14 04:59:54 MDT 2022
  **** IP Build 3669848 on Fri Oct 14 08:30:02 MDT 2022
    ** Copyright 1986-2022 Xilinx, Inc. All Rights Reserved.

source mylsfr.tcl -notrace
Command: synth_design -top mylsfr -part xc7vx485tffg1157-1
Starting synth_design
Attempting to get a license for feature 'Synthesis' and/or device 'xc7vx485t'
INFO: [Common 17-349] Got license for feature 'Synthesis' and/or device 'xc7vx485t'
INFO: [Common 17-1540] The version limit for your license is '2023.04' and has expired for new software. A version limit expiration means that, although you may be able to continue to use the current version of tools or IP with this license, you will not be eligible for new releases.
INFO: [Synth 8-7079] Multithreading enabled for synth_design using a maximum of 4 processes.
INFO: [Synth 8-7078] Launching helper process for spawning children vivado processes
INFO: [Synth 8-7075] Helper process launched with PID 1755355
INFO: [Synth 8-11241] undeclared symbol 'REGCCE', assumed default net type 'wire' [/tools/Xilinx/Vivado/2022.2/data/verilog/src/unimacro/BRAM_SINGLE_MACRO.v:2170]
---------------------------------------------------------------------------------
Starting Synthesize : Time (s): cpu = 00:00:02 ; elapsed = 00:00:02 . Memory (MB): peak = 2117.219 ; gain = 382.707 ; free physical = 74870 ; free virtual = 154824
Synthesis current peak Physical Memory [PSS] (MB): peak = 1465.672; parent = 1283.278; children = 182.394
Synthesis current peak Virtual Memory [VSS] (MB): peak = 3090.273; parent = 2117.223; children = 973.051
---------------------------------------------------------------------------------
INFO: [Synth 8-638] synthesizing module 'mylsfr' [/home/lmberkhout/src/sandbox/lsfr/lsfr.srcs/sources_1/new/mylsfr.vhd:24]
INFO: [Synth 8-256] done synthesizing module 'mylsfr' (0#1) [/home/lmberkhout/src/sandbox/lsfr/lsfr.srcs/sources_1/new/mylsfr.vhd:24]
---------------------------------------------------------------------------------
Finished Synthesize : Time (s): cpu = 00:00:02 ; elapsed = 00:00:02 . Memory (MB): peak = 2184.188 ; gain = 449.676 ; free physical = 74899 ; free virtual = 154856
Synthesis current peak Physical Memory [PSS] (MB): peak = 1465.672; parent = 1283.278; children = 182.394
Synthesis current peak Virtual Memory [VSS] (MB): peak = 3157.242; parent = 2184.191; children = 973.051
---------------------------------------------------------------------------------
---------------------------------------------------------------------------------
Finished Constraint Validation : Time (s): cpu = 00:00:02 ; elapsed = 00:00:03 . Memory (MB): peak = 2199.031 ; gain = 464.520 ; free physical = 74905 ; free virtual = 154862
Synthesis current peak Physical Memory [PSS] (MB): peak = 1465.672; parent = 1283.278; children = 182.394
Synthesis current peak Virtual Memory [VSS] (MB): peak = 3172.086; parent = 2199.035; children = 973.051
---------------------------------------------------------------------------------
---------------------------------------------------------------------------------
Start Loading Part and Timing Information
---------------------------------------------------------------------------------
Loading part: xc7vx485tffg1157-1
INFO: [Device 21-403] Loading part xc7vx485tffg1157-1
---------------------------------------------------------------------------------
Finished Loading Part and Timing Information : Time (s): cpu = 00:00:02 ; elapsed = 00:00:03 . Memory (MB): peak = 2207.035 ; gain = 472.523 ; free physical = 74905 ; free virtual = 154862
Synthesis current peak Physical Memory [PSS] (MB): peak = 1465.672; parent = 1283.278; children = 182.394
Synthesis current peak Virtual Memory [VSS] (MB): peak = 3180.090; parent = 2207.039; children = 973.051
---------------------------------------------------------------------------------
---------------------------------------------------------------------------------
Finished RTL Optimization Phase 2 : Time (s): cpu = 00:00:02 ; elapsed = 00:00:03 . Memory (MB): peak = 2215.941 ; gain = 481.430 ; free physical = 74897 ; free virtual = 154859
Synthesis current peak Physical Memory [PSS] (MB): peak = 1465.672; parent = 1283.278; children = 182.394
Synthesis current peak Virtual Memory [VSS] (MB): peak = 3188.996; parent = 2215.945; children = 973.051
---------------------------------------------------------------------------------
No constraint files found.
---------------------------------------------------------------------------------
Start RTL Component Statistics 
---------------------------------------------------------------------------------
Detailed RTL Component Info : 
+---XORs : 
	   4 Input      1 Bit         XORs := 1     
+---Registers : 
	               16 Bit    Registers := 1     
	                1 Bit    Registers := 1     
+---Muxes : 
	   2 Input   16 Bit        Muxes := 1     
---------------------------------------------------------------------------------
Finished RTL Component Statistics 
---------------------------------------------------------------------------------
---------------------------------------------------------------------------------
Start Part Resource Summary
---------------------------------------------------------------------------------
Part Resources:
DSPs: 2800 (col length:140)
BRAMs: 2060 (col length: RAMB18 140 RAMB36 70)
---------------------------------------------------------------------------------
Finished Part Resource Summary
---------------------------------------------------------------------------------
No constraint files found.
---------------------------------------------------------------------------------
Start Cross Boundary and Area Optimization
---------------------------------------------------------------------------------
WARNING: [Synth 8-7080] Parallel synthesis criteria is not met
---------------------------------------------------------------------------------
Finished Cross Boundary and Area Optimization : Time (s): cpu = 00:00:07 ; elapsed = 00:00:08 . Memory (MB): peak = 2484.332 ; gain = 749.820 ; free physical = 74578 ; free virtual = 154626
Synthesis current peak Physical Memory [PSS] (MB): peak = 1830.154; parent = 1647.792; children = 182.394
Synthesis current peak Virtual Memory [VSS] (MB): peak = 3457.387; parent = 2484.336; children = 973.051
---------------------------------------------------------------------------------
No constraint files found.
---------------------------------------------------------------------------------
Start Timing Optimization
---------------------------------------------------------------------------------
---------------------------------------------------------------------------------
Finished Timing Optimization : Time (s): cpu = 00:00:07 ; elapsed = 00:00:08 . Memory (MB): peak = 2487.301 ; gain = 752.789 ; free physical = 74592 ; free virtual = 154640
Synthesis current peak Physical Memory [PSS] (MB): peak = 1833.213; parent = 1650.851; children = 182.394
Synthesis current peak Virtual Memory [VSS] (MB): peak = 3460.355; parent = 2487.305; children = 973.051
---------------------------------------------------------------------------------
---------------------------------------------------------------------------------
Start Technology Mapping
---------------------------------------------------------------------------------
---------------------------------------------------------------------------------
Finished Technology Mapping : Time (s): cpu = 00:00:07 ; elapsed = 00:00:08 . Memory (MB): peak = 2487.301 ; gain = 752.789 ; free physical = 74576 ; free virtual = 154624
Synthesis current peak Physical Memory [PSS] (MB): peak = 1833.791; parent = 1651.429; children = 182.394
Synthesis current peak Virtual Memory [VSS] (MB): peak = 3460.355; parent = 2487.305; children = 973.051
---------------------------------------------------------------------------------
---------------------------------------------------------------------------------
Start IO Insertion
---------------------------------------------------------------------------------
---------------------------------------------------------------------------------
Start Flattening Before IO Insertion
---------------------------------------------------------------------------------
---------------------------------------------------------------------------------
Finished Flattening Before IO Insertion
---------------------------------------------------------------------------------
---------------------------------------------------------------------------------
Start Final Netlist Cleanup
---------------------------------------------------------------------------------
---------------------------------------------------------------------------------
Finished Final Netlist Cleanup
---------------------------------------------------------------------------------
---------------------------------------------------------------------------------
Finished IO Insertion : Time (s): cpu = 00:00:08 ; elapsed = 00:00:09 . Memory (MB): peak = 2487.301 ; gain = 752.789 ; free physical = 74580 ; free virtual = 154629
Synthesis current peak Physical Memory [PSS] (MB): peak = 1833.975; parent = 1651.612; children = 182.394
Synthesis current peak Virtual Memory [VSS] (MB): peak = 3460.355; parent = 2487.305; children = 973.051
---------------------------------------------------------------------------------
---------------------------------------------------------------------------------
Start Renaming Generated Instances
---------------------------------------------------------------------------------
---------------------------------------------------------------------------------
Finished Renaming Generated Instances : Time (s): cpu = 00:00:08 ; elapsed = 00:00:09 . Memory (MB): peak = 2487.301 ; gain = 752.789 ; free physical = 74580 ; free virtual = 154629
Synthesis current peak Physical Memory [PSS] (MB): peak = 1833.990; parent = 1651.628; children = 182.394
Synthesis current peak Virtual Memory [VSS] (MB): peak = 3460.355; parent = 2487.305; children = 973.051
---------------------------------------------------------------------------------
---------------------------------------------------------------------------------
Start Rebuilding User Hierarchy
---------------------------------------------------------------------------------
---------------------------------------------------------------------------------
Finished Rebuilding User Hierarchy : Time (s): cpu = 00:00:08 ; elapsed = 00:00:09 . Memory (MB): peak = 2487.301 ; gain = 752.789 ; free physical = 74580 ; free virtual = 154629
Synthesis current peak Physical Memory [PSS] (MB): peak = 1834.100; parent = 1651.737; children = 182.394
Synthesis current peak Virtual Memory [VSS] (MB): peak = 3460.355; parent = 2487.305; children = 973.051
---------------------------------------------------------------------------------
---------------------------------------------------------------------------------
Start Renaming Generated Ports
---------------------------------------------------------------------------------
---------------------------------------------------------------------------------
Finished Renaming Generated Ports : Time (s): cpu = 00:00:08 ; elapsed = 00:00:09 . Memory (MB): peak = 2487.301 ; gain = 752.789 ; free physical = 74580 ; free virtual = 154629
Synthesis current peak Physical Memory [PSS] (MB): peak = 1834.162; parent = 1651.800; children = 182.394
Synthesis current peak Virtual Memory [VSS] (MB): peak = 3460.355; parent = 2487.305; children = 973.051
---------------------------------------------------------------------------------
---------------------------------------------------------------------------------
Start Handling Custom Attributes
---------------------------------------------------------------------------------
---------------------------------------------------------------------------------
Finished Handling Custom Attributes : Time (s): cpu = 00:00:08 ; elapsed = 00:00:09 . Memory (MB): peak = 2487.301 ; gain = 752.789 ; free physical = 74580 ; free virtual = 154629
Synthesis current peak Physical Memory [PSS] (MB): peak = 1834.178; parent = 1651.815; children = 182.394
Synthesis current peak Virtual Memory [VSS] (MB): peak = 3460.355; parent = 2487.305; children = 973.051
---------------------------------------------------------------------------------
---------------------------------------------------------------------------------
Start Renaming Generated Nets
---------------------------------------------------------------------------------
---------------------------------------------------------------------------------
Finished Renaming Generated Nets : Time (s): cpu = 00:00:08 ; elapsed = 00:00:09 . Memory (MB): peak = 2487.301 ; gain = 752.789 ; free physical = 74580 ; free virtual = 154629
Synthesis current peak Physical Memory [PSS] (MB): peak = 1834.193; parent = 1651.831; children = 182.394
Synthesis current peak Virtual Memory [VSS] (MB): peak = 3460.355; parent = 2487.305; children = 973.051
---------------------------------------------------------------------------------
---------------------------------------------------------------------------------
Start Writing Synthesis Report
---------------------------------------------------------------------------------

Report BlackBoxes: 
+-+--------------+----------+
| |BlackBox name |Instances |
+-+--------------+----------+
+-+--------------+----------+

Report Cell Usage: 
+------+-----+------+
|      |Cell |Count |
+------+-----+------+
|1     |BUFG |     1|
|2     |LUT3 |    15|
|3     |LUT6 |     1|
|4     |FDRE |    17|
|5     |IBUF |    18|
|6     |OBUF |     1|
+------+-----+------+

Report Instance Areas: 
+------+---------+-------+------+
|      |Instance |Module |Cells |
+------+---------+-------+------+
|1     |top      |       |    53|
+------+---------+-------+------+
---------------------------------------------------------------------------------
Finished Writing Synthesis Report : Time (s): cpu = 00:00:08 ; elapsed = 00:00:09 . Memory (MB): peak = 2487.301 ; gain = 752.789 ; free physical = 74580 ; free virtual = 154629
Synthesis current peak Physical Memory [PSS] (MB): peak = 1834.240; parent = 1651.878; children = 182.394
Synthesis current peak Virtual Memory [VSS] (MB): peak = 3460.355; parent = 2487.305; children = 973.051
---------------------------------------------------------------------------------
Synthesis finished with 0 errors, 0 critical warnings and 1 warnings.
Synthesis Optimization Runtime : Time (s): cpu = 00:00:08 ; elapsed = 00:00:09 . Memory (MB): peak = 2487.301 ; gain = 752.789 ; free physical = 74580 ; free virtual = 154629
Synthesis Optimization Complete : Time (s): cpu = 00:00:08 ; elapsed = 00:00:09 . Memory (MB): peak = 2487.309 ; gain = 752.789 ; free physical = 74580 ; free virtual = 154629
INFO: [Project 1-571] Translating synthesized netlist
Netlist sorting complete. Time (s): cpu = 00:00:00 ; elapsed = 00:00:00 . Memory (MB): peak = 2499.207 ; gain = 0.000 ; free physical = 74661 ; free virtual = 154712
INFO: [Project 1-570] Preparing netlist for logic optimization
INFO: [Opt 31-138] Pushed 0 inverter(s) to 0 load pin(s).
Netlist sorting complete. Time (s): cpu = 00:00:00 ; elapsed = 00:00:00 . Memory (MB): peak = 2638.762 ; gain = 0.000 ; free physical = 74568 ; free virtual = 154633
INFO: [Project 1-111] Unisim Transformation Summary:
No Unisim elements were transformed.

Synth Design complete, checksum: 632a74de
INFO: [Common 17-83] Releasing license: Synthesis
14 Infos, 1 Warnings, 0 Critical Warnings and 0 Errors encountered.
synth_design completed successfully
synth_design: Time (s): cpu = 00:00:11 ; elapsed = 00:00:11 . Memory (MB): peak = 2638.762 ; gain = 936.066 ; free physical = 74673 ; free virtual = 154737
INFO: [Common 17-1381] The checkpoint '/home/lmberkhout/src/sandbox/lsfr/lsfr.runs/synth_1/mylsfr.dcp' has been generated.
INFO: [runtcl-4] Executing : report_utilization -file mylsfr_utilization_synth.rpt -pb mylsfr_utilization_synth.pb
INFO: [Common 17-206] Exiting Vivado at Wed Oct  2 11:58:33 2024...
